2019-07-09T07:12:47.403887Z 0 [Warning] TIMESTAMP with implicit DEFAULT value is deprecated. Please use --explicit_defaults_for_timestamp server option (see documentation for more details).
2019-07-09T07:12:47.926111Z 0 [Warning] InnoDB: New log files created, LSN=45790
2019-07-09T07:12:48.008530Z 0 [Warning] InnoDB: Creating foreign key constraint system tables.
2019-07-09T07:12:48.116766Z 0 [Warning] No existing UUID has been found, so we assume that this is the first time that this server has been started. Generating a new UUID: f4c7e22c-a218-11e9-aed5-0242ac120004.
2019-07-09T07:12:48.119253Z 0 [Warning] Gtid table is not ready to be used. Table 'mysql.gtid_executed' cannot be opened.
2019-07-09T07:12:48.122971Z 1 [Warning] root@localhost is created with an empty password ! Please consider switching off the --initialize-insecure option.
2019-07-09T07:12:53.158787Z 0 [Warning] TIMESTAMP with implicit DEFAULT value is deprecated. Please use --explicit_defaults_for_timestamp server option (see documentation for more details).
2019-07-09T07:12:53.159768Z 0 [Note] mysqld (mysqld 5.7.26-log) starting as process 90 ...
2019-07-09T07:12:53.167050Z 0 [Note] InnoDB: PUNCH HOLE support available
2019-07-09T07:12:53.167590Z 0 [Note] InnoDB: Mutexes and rw_locks use GCC atomic builtins
2019-07-09T07:12:53.168077Z 0 [Note] InnoDB: Uses event mutexes
2019-07-09T07:12:53.168441Z 0 [Note] InnoDB: GCC builtin __atomic_thread_fence() is used for memory barrier
2019-07-09T07:12:53.168910Z 0 [Note] InnoDB: Compressed tables use zlib 1.2.11
2019-07-09T07:12:53.169341Z 0 [Note] InnoDB: Using Linux native AIO
2019-07-09T07:12:53.169943Z 0 [Note] InnoDB: Number of pools: 1
2019-07-09T07:12:53.170370Z 0 [Note] InnoDB: Using CPU crc32 instructions
2019-07-09T07:12:53.171816Z 0 [Note] InnoDB: Initializing buffer pool, total size = 128M, instances = 1, chunk size = 128M
2019-07-09T07:12:53.179409Z 0 [Note] InnoDB: Completed initialization of buffer pool
2019-07-09T07:12:53.182802Z 0 [Note] InnoDB: If the mysqld execution user is authorized, page cleaner thread priority can be changed. See the man page of setpriority().
2019-07-09T07:12:53.196225Z 0 [Note] InnoDB: Highest supported file format is Barracuda.
2019-07-09T07:12:53.209673Z 0 [Note] InnoDB: Creating shared tablespace for temporary tables
2019-07-09T07:12:53.210236Z 0 [Note] InnoDB: Setting file './ibtmp1' size to 12 MB. Physically writing the file full; Please wait ...
2019-07-09T07:12:53.240396Z 0 [Note] InnoDB: File './ibtmp1' size is now 12 MB.
2019-07-09T07:12:53.241763Z 0 [Note] InnoDB: 96 redo rollback segment(s) found. 96 redo rollback segment(s) are active.
2019-07-09T07:12:53.242233Z 0 [Note] InnoDB: 32 non-redo rollback segment(s) are active.
2019-07-09T07:12:53.242925Z 0 [Note] InnoDB: Waiting for purge to start
2019-07-09T07:12:53.293953Z 0 [Note] InnoDB: 5.7.26 started; log sequence number 2524985
2019-07-09T07:12:53.295392Z 0 [Note] InnoDB: Loading buffer pool(s) from /var/lib/mysql/ib_buffer_pool
2019-07-09T07:12:53.296050Z 0 [Note] Plugin 'FEDERATED' is disabled.
2019-07-09T07:12:53.298621Z 0 [Note] InnoDB: Buffer pool(s) load completed at 190709 16:12:53
2019-07-09T07:12:53.311324Z 0 [Note] Found ca.pem, server-cert.pem and server-key.pem in data directory. Trying to enable SSL support using them.
2019-07-09T07:12:53.311766Z 0 [Warning] CA certificate ca.pem is self signed.
2019-07-09T07:12:53.319385Z 0 [Warning] Insecure configuration for --pid-file: Location '/var/run/mysqld' in the path is accessible to all OS users. Consider choosing a different directory.
2019-07-09T07:12:53.328405Z 0 [Note] Event Scheduler: Loaded 0 events
2019-07-09T07:12:53.329223Z 0 [Note] mysqld: ready for connections.
Version: '5.7.26-log'  socket: '/var/run/mysqld/mysqld.sock'  port: 0  MySQL Community Server (GPL)
2019-07-09T07:13:00.232154Z 0 [Note] Giving 0 client threads a chance to die gracefully
2019-07-09T07:13:00.232883Z 0 [Note] Shutting down slave threads
2019-07-09T07:13:00.233112Z 0 [Note] Forcefully disconnecting 0 remaining clients
2019-07-09T07:13:00.233503Z 0 [Note] Event Scheduler: Purging the queue. 0 events
2019-07-09T07:13:00.233937Z 0 [Note] Binlog end
2019-07-09T07:13:00.234578Z 0 [Note] Shutting down plugin 'ngram'
2019-07-09T07:13:00.234821Z 0 [Note] Shutting down plugin 'partition'
2019-07-09T07:13:00.235058Z 0 [Note] Shutting down plugin 'BLACKHOLE'
2019-07-09T07:13:00.235302Z 0 [Note] Shutting down plugin 'ARCHIVE'
2019-07-09T07:13:00.235499Z 0 [Note] Shutting down plugin 'PERFORMANCE_SCHEMA'
2019-07-09T07:13:00.235834Z 0 [Note] Shutting down plugin 'MRG_MYISAM'
2019-07-09T07:13:00.236070Z 0 [Note] Shutting down plugin 'MyISAM'
2019-07-09T07:13:00.236261Z 0 [Note] Shutting down plugin 'INNODB_SYS_VIRTUAL'
2019-07-09T07:13:00.236498Z 0 [Note] Shutting down plugin 'INNODB_SYS_DATAFILES'
2019-07-09T07:13:00.236713Z 0 [Note] Shutting down plugin 'INNODB_SYS_TABLESPACES'
2019-07-09T07:13:00.236929Z 0 [Note] Shutting down plugin 'INNODB_SYS_FOREIGN_COLS'
2019-07-09T07:13:00.237136Z 0 [Note] Shutting down plugin 'INNODB_SYS_FOREIGN'
2019-07-09T07:13:00.237334Z 0 [Note] Shutting down plugin 'INNODB_SYS_FIELDS'
2019-07-09T07:13:00.237585Z 0 [Note] Shutting down plugin 'INNODB_SYS_COLUMNS'
2019-07-09T07:13:00.237822Z 0 [Note] Shutting down plugin 'INNODB_SYS_INDEXES'
2019-07-09T07:13:00.238077Z 0 [Note] Shutting down plugin 'INNODB_SYS_TABLESTATS'
2019-07-09T07:13:00.238457Z 0 [Note] Shutting down plugin 'INNODB_SYS_TABLES'
2019-07-09T07:13:00.238726Z 0 [Note] Shutting down plugin 'INNODB_FT_INDEX_TABLE'
2019-07-09T07:13:00.238983Z 0 [Note] Shutting down plugin 'INNODB_FT_INDEX_CACHE'
2019-07-09T07:13:00.239200Z 0 [Note] Shutting down plugin 'INNODB_FT_CONFIG'
2019-07-09T07:13:00.239401Z 0 [Note] Shutting down plugin 'INNODB_FT_BEING_DELETED'
2019-07-09T07:13:00.239608Z 0 [Note] Shutting down plugin 'INNODB_FT_DELETED'
2019-07-09T07:13:00.239808Z 0 [Note] Shutting down plugin 'INNODB_FT_DEFAULT_STOPWORD'
2019-07-09T07:13:00.239980Z 0 [Note] Shutting down plugin 'INNODB_METRICS'
2019-07-09T07:13:00.240199Z 0 [Note] Shutting down plugin 'INNODB_TEMP_TABLE_INFO'
2019-07-09T07:13:00.240389Z 0 [Note] Shutting down plugin 'INNODB_BUFFER_POOL_STATS'
2019-07-09T07:13:00.240565Z 0 [Note] Shutting down plugin 'INNODB_BUFFER_PAGE_LRU'
2019-07-09T07:13:00.240742Z 0 [Note] Shutting down plugin 'INNODB_BUFFER_PAGE'
2019-07-09T07:13:00.240918Z 0 [Note] Shutting down plugin 'INNODB_CMP_PER_INDEX_RESET'
2019-07-09T07:13:00.241095Z 0 [Note] Shutting down plugin 'INNODB_CMP_PER_INDEX'
2019-07-09T07:13:00.241515Z 0 [Note] Shutting down plugin 'INNODB_CMPMEM_RESET'
2019-07-09T07:13:00.241666Z 0 [Note] Shutting down plugin 'INNODB_CMPMEM'
2019-07-09T07:13:00.241812Z 0 [Note] Shutting down plugin 'INNODB_CMP_RESET'
2019-07-09T07:13:00.241956Z 0 [Note] Shutting down plugin 'INNODB_CMP'
2019-07-09T07:13:00.242098Z 0 [Note] Shutting down plugin 'INNODB_LOCK_WAITS'
2019-07-09T07:13:00.242236Z 0 [Note] Shutting down plugin 'INNODB_LOCKS'
2019-07-09T07:13:00.242377Z 0 [Note] Shutting down plugin 'INNODB_TRX'
2019-07-09T07:13:00.242518Z 0 [Note] Shutting down plugin 'InnoDB'
2019-07-09T07:13:00.242744Z 0 [Note] InnoDB: FTS optimize thread exiting.
2019-07-09T07:13:00.243144Z 0 [Note] InnoDB: Starting shutdown...
2019-07-09T07:13:00.344544Z 0 [Note] InnoDB: Dumping buffer pool(s) to /var/lib/mysql/ib_buffer_pool
2019-07-09T07:13:00.345580Z 0 [Note] InnoDB: Buffer pool(s) dump completed at 190709 16:13:00
2019-07-09T07:13:02.000366Z 0 [Note] InnoDB: Shutdown completed; log sequence number 12363996
2019-07-09T07:13:02.004498Z 0 [Note] InnoDB: Removed temporary tablespace data file: "ibtmp1"
2019-07-09T07:13:02.005505Z 0 [Note] Shutting down plugin 'MEMORY'
2019-07-09T07:13:02.006189Z 0 [Note] Shutting down plugin 'CSV'
2019-07-09T07:13:02.006535Z 0 [Note] Shutting down plugin 'sha256_password'
2019-07-09T07:13:02.006795Z 0 [Note] Shutting down plugin 'mysql_native_password'
2019-07-09T07:13:02.007148Z 0 [Note] Shutting down plugin 'binlog'
2019-07-09T07:13:02.011170Z 0 [Note] mysqld: Shutdown complete

2019-07-09T07:13:02.282982Z 0 [Warning] TIMESTAMP with implicit DEFAULT value is deprecated. Please use --explicit_defaults_for_timestamp server option (see documentation for more details).
2019-07-09T07:13:02.284027Z 0 [Note] mysqld (mysqld 5.7.26-log) starting as process 1 ...
2019-07-09T07:13:02.291320Z 0 [Note] InnoDB: PUNCH HOLE support available
2019-07-09T07:13:02.291762Z 0 [Note] InnoDB: Mutexes and rw_locks use GCC atomic builtins
2019-07-09T07:13:02.292140Z 0 [Note] InnoDB: Uses event mutexes
2019-07-09T07:13:02.292541Z 0 [Note] InnoDB: GCC builtin __atomic_thread_fence() is used for memory barrier
2019-07-09T07:13:02.292931Z 0 [Note] InnoDB: Compressed tables use zlib 1.2.11
2019-07-09T07:13:02.293263Z 0 [Note] InnoDB: Using Linux native AIO
2019-07-09T07:13:02.293758Z 0 [Note] InnoDB: Number of pools: 1
2019-07-09T07:13:02.294139Z 0 [Note] InnoDB: Using CPU crc32 instructions
2019-07-09T07:13:02.295461Z 0 [Note] InnoDB: Initializing buffer pool, total size = 128M, instances = 1, chunk size = 128M
2019-07-09T07:13:02.302554Z 0 [Note] InnoDB: Completed initialization of buffer pool
2019-07-09T07:13:02.304435Z 0 [Note] InnoDB: If the mysqld execution user is authorized, page cleaner thread priority can be changed. See the man page of setpriority().
2019-07-09T07:13:02.317447Z 0 [Note] InnoDB: Highest supported file format is Barracuda.
2019-07-09T07:13:02.330126Z 0 [Note] InnoDB: Creating shared tablespace for temporary tables
2019-07-09T07:13:02.330723Z 0 [Note] InnoDB: Setting file './ibtmp1' size to 12 MB. Physically writing the file full; Please wait ...
2019-07-09T07:13:02.349954Z 0 [Note] InnoDB: File './ibtmp1' size is now 12 MB.
2019-07-09T07:13:02.351643Z 0 [Note] InnoDB: 96 redo rollback segment(s) found. 96 redo rollback segment(s) are active.
2019-07-09T07:13:02.352243Z 0 [Note] InnoDB: 32 non-redo rollback segment(s) are active.
2019-07-09T07:13:02.353561Z 0 [Note] InnoDB: Waiting for purge to start
2019-07-09T07:13:02.404568Z 0 [Note] InnoDB: 5.7.26 started; log sequence number 12363996
2019-07-09T07:13:02.405741Z 0 [Note] InnoDB: Loading buffer pool(s) from /var/lib/mysql/ib_buffer_pool
2019-07-09T07:13:02.406470Z 0 [Note] Plugin 'FEDERATED' is disabled.
2019-07-09T07:13:02.411292Z 0 [Note] InnoDB: Buffer pool(s) load completed at 190709 16:13:02
2019-07-09T07:13:02.421165Z 0 [Note] Found ca.pem, server-cert.pem and server-key.pem in data directory. Trying to enable SSL support using them.
2019-07-09T07:13:02.421897Z 0 [Warning] CA certificate ca.pem is self signed.
2019-07-09T07:13:02.424214Z 0 [Note] Server hostname (bind-address): '*'; port: 3306
2019-07-09T07:13:02.424646Z 0 [Note] IPv6 is available.
2019-07-09T07:13:02.426798Z 0 [Note]   - '::' resolves to '::';
2019-07-09T07:13:02.427217Z 0 [Note] Server socket created on IP: '::'.
2019-07-09T07:13:02.429863Z 0 [Warning] Insecure configuration for --pid-file: Location '/var/run/mysqld' in the path is accessible to all OS users. Consider choosing a different directory.
2019-07-09T07:13:02.440551Z 0 [Note] Event Scheduler: Loaded 0 events
2019-07-09T07:13:02.442634Z 0 [Note] mysqld: ready for connections.
Version: '5.7.26-log'  socket: '/var/run/mysqld/mysqld.sock'  port: 3306  MySQL Community Server (GPL)
2019-07-09T10:39:55.001703Z 0 [Note] InnoDB: page_cleaner: 1000ms intended loop took 1903186ms. The settings might not be optimal. (flushed=0 and evicted=0, during the time.)
2019-07-09T11:44:54.002841Z 0 [Note] InnoDB: page_cleaner: 1000ms intended loop took 261586ms. The settings might not be optimal. (flushed=0 and evicted=0, during the time.)
2019-07-09T12:18:12.007435Z 0 [Note] InnoDB: page_cleaner: 1000ms intended loop took 108034ms. The settings might not be optimal. (flushed=0 and evicted=0, during the time.)
2019-07-09T13:37:19.002072Z 0 [Note] InnoDB: page_cleaner: 1000ms intended loop took 2048281ms. The settings might not be optimal. (flushed=0 and evicted=0, during the time.)
2019-07-09T14:04:19.004372Z 0 [Note] InnoDB: page_cleaner: 1000ms intended loop took 18959ms. The settings might not be optimal. (flushed=0 and evicted=0, during the time.)
2019-07-09T15:51:11.000429Z 0 [Note] InnoDB: page_cleaner: 1000ms intended loop took 3875113ms. The settings might not be optimal. (flushed=0 and evicted=0, during the time.)
2019-07-09T16:34:27.005281Z 0 [Note] InnoDB: page_cleaner: 1000ms intended loop took 114844ms. The settings might not be optimal. (flushed=0 and evicted=0, during the time.)
2019-07-09T17:03:06.006017Z 0 [Note] InnoDB: page_cleaner: 1000ms intended loop took 56374ms. The settings might not be optimal. (flushed=0 and evicted=0, during the time.)
2019-07-09T17:23:51.003557Z 0 [Note] InnoDB: page_cleaner: 1000ms intended loop took 1182560ms. The settings might not be optimal. (flushed=0 and evicted=0, during the time.)
2019-07-09T18:32:26.002564Z 0 [Note] InnoDB: page_cleaner: 1000ms intended loop took 50855ms. The settings might not be optimal. (flushed=0 and evicted=0, during the time.)
2019-07-09T18:34:31.625293Z 0 [Note] InnoDB: page_cleaner: 1000ms intended loop took 23267ms. The settings might not be optimal. (flushed=0 and evicted=0, during the time.)
2019-07-10T02:03:08.006169Z 0 [Note] InnoDB: page_cleaner: 1000ms intended loop took 2020345ms. The settings might not be optimal. (flushed=0 and evicted=0, during the time.)
2019-07-10T02:10:05.008964Z 0 [Note] InnoDB: page_cleaner: 1000ms intended loop took 72171ms. The settings might not be optimal. (flushed=0 and evicted=0, during the time.)
2019-07-10T03:38:40.007921Z 0 [Note] InnoDB: page_cleaner: 1000ms intended loop took 430016ms. The settings might not be optimal. (flushed=0 and evicted=0, during the time.)
2019-07-10T03:47:26.001991Z 0 [Note] InnoDB: page_cleaner: 1000ms intended loop took 244275ms. The settings might not be optimal. (flushed=0 and evicted=0, during the time.)
2019-07-10T05:34:37.132653Z 0 [Note] InnoDB: page_cleaner: 1000ms intended loop took 40810ms. The settings might not be optimal. (flushed=0 and evicted=0, during the time.)
2019-07-10T06:13:51.234549Z 0 [Note] InnoDB: page_cleaner: 1000ms intended loop took 2294333ms. The settings might not be optimal. (flushed=0 and evicted=0, during the time.)
2019-07-10T06:44:23.006972Z 0 [Note] InnoDB: page_cleaner: 1000ms intended loop took 38143ms. The settings might not be optimal. (flushed=0 and evicted=0, during the time.)
2019-07-10T07:52:39.000331Z 0 [Note] InnoDB: page_cleaner: 1000ms intended loop took 10842ms. The settings might not be optimal. (flushed=0 and evicted=0, during the time.)
2019-07-10T08:01:11.005307Z 0 [Note] InnoDB: page_cleaner: 1000ms intended loop took 83242ms. The settings might not be optimal. (flushed=0 and evicted=0, during the time.)
2019-07-10T08:43:09.008706Z 0 [Note] InnoDB: page_cleaner: 1000ms intended loop took 229602ms. The settings might not be optimal. (flushed=0 and evicted=0, during the time.)
2019-07-10T09:29:50.006134Z 0 [Note] InnoDB: page_cleaner: 1000ms intended loop took 61128ms. The settings might not be optimal. (flushed=0 and evicted=0, during the time.)
2019-07-10T09:43:06.009260Z 0 [Note] InnoDB: page_cleaner: 1000ms intended loop took 22040ms. The settings might not be optimal. (flushed=0 and evicted=0, during the time.)
2019-07-10T10:22:42.002572Z 0 [Note] InnoDB: page_cleaner: 1000ms intended loop took 1867703ms. The settings might not be optimal. (flushed=0 and evicted=0, during the time.)
2019-07-10T10:56:05.008575Z 0 [Note] InnoDB: page_cleaner: 1000ms intended loop took 1040041ms. The settings might not be optimal. (flushed=0 and evicted=0, during the time.)
2019-07-10T15:23:36.007753Z 0 [Note] InnoDB: page_cleaner: 1000ms intended loop took 15994550ms. The settings might not be optimal. (flushed=0 and evicted=0, during the time.)
2019-07-10T16:03:43.007509Z 0 [Note] InnoDB: page_cleaner: 1000ms intended loop took 872793ms. The settings might not be optimal. (flushed=0 and evicted=0, during the time.)
2019-07-10T16:54:01.321306Z 0 [Note] InnoDB: page_cleaner: 1000ms intended loop took 20782ms. The settings might not be optimal. (flushed=0 and evicted=0, during the time.)
2019-07-11T01:30:06.003400Z 0 [Note] InnoDB: page_cleaner: 1000ms intended loop took 1154846ms. The settings might not be optimal. (flushed=0 and evicted=0, during the time.)
2019-07-11T04:06:10.003875Z 0 [Note] InnoDB: page_cleaner: 1000ms intended loop took 173364ms. The settings might not be optimal. (flushed=0 and evicted=0, during the time.)
2019-07-11T04:30:15.006105Z 0 [Note] InnoDB: page_cleaner: 1000ms intended loop took 371198ms. The settings might not be optimal. (flushed=0 and evicted=0, during the time.)
2019-07-11T04:38:21.001612Z 0 [Note] InnoDB: page_cleaner: 1000ms intended loop took 158351ms. The settings might not be optimal. (flushed=0 and evicted=0, during the time.)
2019-07-11T06:38:07.001112Z 0 [Note] InnoDB: page_cleaner: 1000ms intended loop took 3819543ms. The settings might not be optimal. (flushed=0 and evicted=0, during the time.)
2019-07-11T09:07:22.005075Z 0 [Note] InnoDB: page_cleaner: 1000ms intended loop took 173221ms. The settings might not be optimal. (flushed=0 and evicted=0, during the time.)
2019-07-11T09:28:45.003287Z 0 [Note] InnoDB: page_cleaner: 1000ms intended loop took 6057ms. The settings might not be optimal. (flushed=0 and evicted=0, during the time.)
